JC4H TS5D
JC4HJS TS5D
JC4HJS TS5DJH
JC4HJSJD TS5DJH
JC4HJSJD TS5DJH4S
JC4HJSJD4C TS5DJH4S
JC4HJSJD4D TS5DJH4S
JC4HJSJD TS5DJH4C
JC4HJSJD4S TS5DJH4C
JC4HJSJD4D TS5DJH4C
JC4HJSJD TS5DJH4D
JC4HJSJD4S TS5DJH4D
JC4HJSJD4C TS5DJH4D
JC4HJS4S TS5DJH
JC4HJS4S TS5DJHJD
JC4HJS4S4C TS5DJHJD
JC4HJS4S4D TS5DJHJD
JC4HJS4S TS5DJH4C
JC4HJS4SJD TS5DJH4C
JC4HJS4S4D TS5DJH4C
JC4HJS4S TS5DJH4D
JC4HJS4SJD TS5DJH4D
JC4HJS4S4C TS5DJH4D
JC4HJS4C TS5DJH
JC4HJS4C TS5DJHJD
JC4HJS4C4S TS5DJHJD
JC4HJS4C4D TS5DJHJD
JC4HJS4C TS5DJH4S
JC4HJS4CJD TS5DJH4S
JC4HJS4C4D TS5DJH4S
JC4HJS4C TS5DJH4D
JC4HJS4CJD TS5DJH4D
JC4HJS4C4S TS5DJH4D
JC4HJS4D TS5DJH
JC4HJS4D TS5DJHJD
JC4HJS4D4S TS5DJHJD
JC4HJS4D4C TS5DJHJD
JC4HJS4D TS5DJH4S
JC4HJS4DJD TS5DJH4S
JC4HJS4D4C TS5DJH4S
JC4HJS4D TS5DJH4C
JC4HJS4DJD TS5DJH4C
JC4HJS4D4S TS5DJH4C
JC4HJS TS5DJD
JC4HJSJH TS5DJD
JC4HJSJH TS5DJD4S
JC4HJSJH4C TS5DJD4S
JC4HJSJH4D TS5DJD4S
JC4HJSJH TS5DJD4C
JC4HJSJH4S TS5DJD4C
JC4HJSJH4D TS5DJD4C
JC4HJSJH TS5DJD4D
JC4HJSJH4S TS5DJD4D
JC4HJSJH4C TS5DJD4D
JC4HJS4S TS5DJD
JC4HJS4S TS5DJDJH
JC4HJS4S4C TS5DJDJH
JC4HJS4S4D TS5DJDJH
JC4HJS4S TS5DJD4C
JC4HJS4SJH TS5DJD4C
JC4HJS4S4D TS5DJD4C
JC4HJS4S TS5DJD4D
JC4HJS4SJH TS5DJD4D
JC4HJS4S4C TS5DJD4D
JC4HJS4C TS5DJD
JC4HJS4C TS5DJDJH
JC4HJS4C4S TS5DJDJH
JC4HJS4C4D TS5DJDJH
JC4HJS4C TS5DJD4S
JC4HJS4CJH TS5DJD4S
JC4HJS4C4D TS5DJD4S
JC4HJS4C TS5DJD4D
JC4HJS4CJH TS5DJD4D
JC4HJS4C4S TS5DJD4D
JC4HJS4D TS5DJD
JC4HJS4D TS5DJDJH
JC4HJS4D4S TS5DJDJH
JC4HJS4D4C TS5DJDJH
JC4HJS4D TS5DJD4S
JC4HJS4DJH TS5DJD4S
JC4HJS4D4C TS5DJD4S
JC4HJS4D TS5DJD4C
JC4HJS4DJH TS5DJD4C
JC4HJS4D4S TS5DJD4C
JC4HJS TS5D4S
JC4HJSJH TS5D4S
JC4HJSJH TS5D4SJD
JC4HJSJH4C TS5D4SJD
JC4HJSJH4D TS5D4SJD
JC4HJSJH TS5D4S4C
JC4HJSJHJD TS5D4S4C
JC4HJSJH4D TS5D4S4C
JC4HJSJH TS5D4S4D
JC4HJSJHJD TS5D4S4D
JC4HJSJH4C TS5D4S4D
JC4HJSJD TS5D4S
JC4HJSJD TS5D4SJH
JC4HJSJD4C TS5D4SJH
JC4HJSJD4D TS5D4SJH
JC4HJSJD TS5D4S4C
JC4HJSJDJH TS5D4S4C
JC4HJSJD4D TS5D4S4C
JC4HJSJD TS5D4S4D
JC4HJSJDJH TS5D4S4D
JC4HJSJD4C TS5D4S4D
JC4HJS4C TS5D4S
JC4HJS4C TS5D4SJH
JC4HJS4CJD TS5D4SJH
JC4HJS4C4D TS5D4SJH
JC4HJS4C TS5D4SJD
JC4HJS4CJH TS5D4SJD
JC4HJS4C4D TS5D4SJD
JC4HJS4C TS5D4S4D
JC4HJS4CJH TS5D4S4D
JC4HJS4CJD TS5D4S4D
JC4HJS4D TS5D4S
JC4HJS4D TS5D4SJH
JC4HJS4DJD TS5D4SJH
JC4HJS4D4C TS5D4SJH
JC4HJS4D TS5D4SJD
JC4HJS4DJH TS5D4SJD
JC4HJS4D4C TS5D4SJD
JC4HJS4D TS5D4S4C
JC4HJS4DJH TS5D4S4C
JC4HJS4DJD TS5D4S4C
JC4HJS TS5D4C
JC4HJSJH TS5D4C
JC4HJSJH TS5D4CJD
JC4HJSJH4S TS5D4CJD
JC4HJSJH4D TS5D4CJD
JC4HJSJH TS5D4C4S
JC4HJSJHJD TS5D4C4S
JC4HJSJH4D TS5D4C4S
JC4HJSJH TS5D4C4D
JC4HJSJHJD TS5D4C4D
JC4HJSJH4S TS5D4C4D
JC4HJSJD TS5D4C
JC4HJSJD TS5D4CJH
JC4HJSJD4S TS5D4CJH
JC4HJSJD4D TS5D4CJH
JC4HJSJD TS5D4C4S
JC4HJSJDJH TS5D4C4S
JC4HJSJD4D TS5D4C4S
JC4HJSJD TS5D4C4D
JC4HJSJDJH TS5D4C4D
JC4HJSJD4S TS5D4C4D
JC4HJS4S TS5D4C
JC4HJS4S TS5D4CJH
JC4HJS4SJD TS5D4CJH
JC4HJS4S4D TS5D4CJH
JC4HJS4S TS5D4CJD
JC4HJS4SJH TS5D4CJD
JC4HJS4S4D TS5D4CJD
JC4HJS4S TS5D4C4D
JC4HJS4SJH TS5D4C4D
JC4HJS4SJD TS5D4C4D
JC4HJS4D TS5D4C
JC4HJS4D TS5D4CJH
JC4HJS4DJD TS5D4CJH
JC4HJS4D4S TS5D4CJH
JC4HJS4D TS5D4CJD
JC4HJS4DJH TS5D4CJD
JC4HJS4D4S TS5D4CJD
JC4HJS4D TS5D4C4S
JC4HJS4DJH TS5D4C4S
JC4HJS4DJD TS5D4C4S
JC4HJS TS5D4D
JC4HJSJH TS5D4D
JC4HJSJH TS5D4DJD
JC4HJSJH4S TS5D4DJD
JC4HJSJH4C TS5D4DJD
JC4HJSJH TS5D4D4S
JC4HJSJHJD TS5D4D4S
JC4HJSJH4C TS5D4D4S
JC4HJSJH TS5D4D4C
JC4HJSJHJD TS5D4D4C
JC4HJSJH4S TS5D4D4C
JC4HJSJD TS5D4D
JC4HJSJD TS5D4DJH
JC4HJSJD4S TS5D4DJH
JC4HJSJD4C TS5D4DJH
JC4HJSJD TS5D4D4S
JC4HJSJDJH TS5D4D4S
JC4HJSJD4C TS5D4D4S
JC4HJSJD TS5D4D4C
JC4HJSJDJH TS5D4D4C
JC4HJSJD4S TS5D4D4C
JC4HJS4S TS5D4D
JC4HJS4S TS5D4DJH
JC4HJS4SJD TS5D4DJH
JC4HJS4S4C TS5D4DJH
JC4HJS4S TS5D4DJD
JC4HJS4SJH TS5D4DJD
JC4HJS4S4C TS5D4DJD
JC4HJS4S TS5D4D4C
JC4HJS4SJH TS5D4D4C
JC4HJS4SJD TS5D4D4C
JC4HJS4C TS5D4D
JC4HJS4C TS5D4DJH
JC4HJS4CJD TS5D4DJH
JC4HJS4C4S TS5D4DJH
JC4HJS4C TS5D4DJD
JC4HJS4CJH TS5D4DJD
JC4HJS4C4S TS5D4DJD
JC4HJS4C TS5D4D4S
JC4HJS4CJH TS5D4D4S
JC4HJS4CJD TS5D4D4S
JC4HJH TS5D
JC4HJH TS5DJS
JC4HJHJD TS5DJS
JC4HJHJD TS5DJS4S
JC4HJHJD4C TS5DJS4S
JC4HJHJD4D TS5DJS4S
JC4HJHJD TS5DJS4C
JC4HJHJD4S TS5DJS4C
JC4HJHJD4D TS5DJS4C
JC4HJHJD TS5DJS4D
JC4HJHJD4S TS5DJS4D
JC4HJHJD4C TS5DJS4D
JC4HJH4S TS5DJS
JC4HJH4S TS5DJSJD
JC4HJH4S4C TS5DJSJD
JC4HJH4S4D TS5DJSJD
JC4HJH4S TS5DJS4C
JC4HJH4SJD TS5DJS4C
JC4HJH4S4D TS5DJS4C
JC4HJH4S TS5DJS4D
JC4HJH4SJD TS5DJS4D
JC4HJH4S4C TS5DJS4D
JC4HJH4C TS5DJS
JC4HJH4C TS5DJSJD
JC4HJH4C4S TS5DJSJD
JC4HJH4C4D TS5DJSJD
JC4HJH4C TS5DJS4S
JC4HJH4CJD TS5DJS4S
JC4HJH4C4D TS5DJS4S
JC4HJH4C TS5DJS4D
JC4HJH4CJD TS5DJS4D
JC4HJH4C4S TS5DJS4D
JC4HJH4D TS5DJS
JC4HJH4D TS5DJSJD
JC4HJH4D4S TS5DJSJD
JC4HJH4D4C TS5DJSJD
JC4HJH4D TS5DJS4S
JC4HJH4DJD TS5DJS4S
JC4HJH4D4C TS5DJS4S
JC4HJH4D TS5DJS4C
JC4HJH4DJD TS5DJS4C
JC4HJH4D4S TS5DJS4C
JC4HJH TS5DJD
JC4HJHJS TS5DJD
JC4HJHJS TS5DJD4S
JC4HJHJS4C TS5DJD4S
JC4HJHJS4D TS5DJD4S
JC4HJHJS TS5DJD4C
JC4HJHJS4S TS5DJD4C
JC4HJHJS4D TS5DJD4C
JC4HJHJS TS5DJD4D
JC4HJHJS4S TS5DJD4D
JC4HJHJS4C TS5DJD4D
JC4HJH4S TS5DJD
JC4HJH4S TS5DJDJS
JC4HJH4S4C TS5DJDJS
JC4HJH4S4D TS5DJDJS
JC4HJH4S TS5DJD4C
JC4HJH4SJS TS5DJD4C
JC4HJH4S4D TS5DJD4C
JC4HJH4S TS5DJD4D
JC4HJH4SJS TS5DJD4D
JC4HJH4S4C TS5DJD4D
JC4HJH4C TS5DJD
JC4HJH4C TS5DJDJS
JC4HJH4C4S TS5DJDJS
JC4HJH4C4D TS5DJDJS
JC4HJH4C TS5DJD4S
JC4HJH4CJS TS5DJD4S
JC4HJH4C4D TS5DJD4S
JC4HJH4C TS5DJD4D
JC4HJH4CJS TS5DJD4D
JC4HJH4C4S TS5DJD4D
JC4HJH4D TS5DJD
JC4HJH4D TS5DJDJS
JC4HJH4D4S TS5DJDJS
JC4HJH4D4C TS5DJDJS
JC4HJH4D TS5DJD4S
JC4HJH4DJS TS5DJD4S
JC4HJH4D4C TS5DJD4S
JC4HJH4D TS5DJD4C
JC4HJH4DJS TS5DJD4C
JC4HJH4D4S TS5DJD4C
JC4HJH TS5D4S
JC4HJHJS TS5D4S
JC4HJHJS TS5D4SJD
JC4HJHJS4C TS5D4SJD
JC4HJHJS4D TS5D4SJD
JC4HJHJS TS5D4S4C
JC4HJHJSJD TS5D4S4C
JC4HJHJS4D TS5D4S4C
JC4HJHJS TS5D4S4D
JC4HJHJSJD TS5D4S4D
JC4HJHJS4C TS5D4S4D
JC4HJHJD TS5D4S
JC4HJHJD TS5D4SJS
JC4HJHJD4C TS5D4SJS
JC4HJHJD4D TS5D4SJS
JC4HJHJD TS5D4S4C
JC4HJHJDJS TS5D4S4C
JC4HJHJD4D TS5D4S4C
JC4HJHJD TS5D4S4D
JC4HJHJDJS TS5D4S4D
JC4HJHJD4C TS5D4S4D
JC4HJH4C TS5D4S
JC4HJH4C TS5D4SJS
JC4HJH4CJD TS5D4SJS
JC4HJH4C4D TS5D4SJS
JC4HJH4C TS5D4SJD
JC4HJH4CJS TS5D4SJD
JC4HJH4C4D TS5D4SJD
JC4HJH4C TS5D4S4D
JC4HJH4CJS TS5D4S4D
JC4HJH4CJD TS5D4S4D
JC4HJH4D TS5D4S
JC4HJH4D TS5D4SJS
JC4HJH4DJD TS5D4SJS
JC4HJH4D4C TS5D4SJS
JC4HJH4D TS5D4SJD
JC4HJH4DJS TS5D4SJD
JC4HJH4D4C TS5D4SJD
JC4HJH4D TS5D4S4C
JC4HJH4DJS TS5D4S4C
JC4HJH4DJD TS5D4S4C
JC4HJH TS5D4C
JC4HJHJS TS5D4C
JC4HJHJS TS5D4CJD
JC4HJHJS4S TS5D4CJD
JC4HJHJS4D TS5D4CJD
JC4HJHJS TS5D4C4S
JC4HJHJSJD TS5D4C4S
JC4HJHJS4D TS5D4C4S
JC4HJHJS TS5D4C4D
JC4HJHJSJD TS5D4C4D
JC4HJHJS4S TS5D4C4D
JC4HJHJD TS5D4C
JC4HJHJD TS5D4CJS
JC4HJHJD4S TS5D4CJS
JC4HJHJD4D TS5D4CJS
JC4HJHJD TS5D4C4S
JC4HJHJDJS TS5D4C4S
JC4HJHJD4D TS5D4C4S
JC4HJHJD TS5D4C4D
JC4HJHJDJS TS5D4C4D
JC4HJHJD4S TS5D4C4D
JC4HJH4S TS5D4C
JC4HJH4S TS5D4CJS
JC4HJH4SJD TS5D4CJS
JC4HJH4S4D TS5D4CJS
JC4HJH4S TS5D4CJD
JC4HJH4SJS TS5D4CJD
JC4HJH4S4D TS5D4CJD
JC4HJH4S TS5D4C4D
JC4HJH4SJS TS5D4C4D
JC4HJH4SJD TS5D4C4D
JC4HJH4D TS5D4C
JC4HJH4D TS5D4CJS
JC4HJH4DJD TS5D4CJS
JC4HJH4D4S TS5D4CJS
JC4HJH4D TS5D4CJD
JC4HJH4DJS TS5D4CJD
JC4HJH4D4S TS5D4CJD
JC4HJH4D TS5D4C4S
JC4HJH4DJS TS5D4C4S
JC4HJH4DJD TS5D4C4S
JC4HJH TS5D4D
JC4HJHJS TS5D4D
JC4HJHJS TS5D4DJD
JC4HJHJS4S TS5D4DJD
JC4HJHJS4C TS5D4DJD
JC4HJHJS TS5D4D4S
JC4HJHJSJD TS5D4D4S
JC4HJHJS4C TS5D4D4S
JC4HJHJS TS5D4D4C
JC4HJHJSJD TS5D4D4C
JC4HJHJS4S TS5D4D4C
JC4HJHJD TS5D4D
JC4HJHJD TS5D4DJS
JC4HJHJD4S TS5D4DJS
JC4HJHJD4C TS5D4DJS
JC4HJHJD TS5D4D4S
JC4HJHJDJS TS5D4D4S
JC4HJHJD4C TS5D4D4S
JC4HJHJD TS5D4D4C
JC4HJHJDJS TS5D4D4C
JC4HJHJD4S TS5D4D4C
JC4HJH4S TS5D4D
JC4HJH4S TS5D4DJS
JC4HJH4SJD TS5D4DJS
JC4HJH4S4C TS5D4DJS
JC4HJH4S TS5D4DJD
JC4HJH4SJS TS5D4DJD
JC4HJH4S4C TS5D4DJD
JC4HJH4S TS5D4D4C
JC4HJH4SJS TS5D4D4C
JC4HJH4SJD TS5D4D4C
JC4HJH4C TS5D4D
JC4HJH4C TS5D4DJS
JC4HJH4CJD TS5D4DJS
JC4HJH4C4S TS5D4DJS
JC4HJH4C TS5D4DJD
JC4HJH4CJS TS5D4DJD
JC4HJH4C4S TS5D4DJD
JC4HJH4C TS5D4D4S
JC4HJH4CJS TS5D4D4S
JC4HJH4CJD TS5D4D4S
JC4HJD TS5D
JC4HJD TS5DJS
JC4HJDJH TS5DJS
JC4HJDJH TS5DJS4S
JC4HJDJH4C TS5DJS4S
JC4HJDJH4D TS5DJS4S
JC4HJDJH TS5DJS4C
JC4HJDJH4S TS5DJS4C
JC4HJDJH4D TS5DJS4C
JC4HJDJH TS5DJS4D
JC4HJDJH4S TS5DJS4D
JC4HJDJH4C TS5DJS4D
JC4HJD4S TS5DJS
JC4HJD4S TS5DJSJH
JC4HJD4S4C TS5DJSJH
JC4HJD4S4D TS5DJSJH
JC4HJD4S TS5DJS4C
JC4HJD4SJH TS5DJS4C
JC4HJD4S4D TS5DJS4C
JC4HJD4S TS5DJS4D
JC4HJD4SJH TS5DJS4D
JC4HJD4S4C TS5DJS4D
JC4HJD4C TS5DJS
JC4HJD4C TS5DJSJH
JC4HJD4C4S TS5DJSJH
JC4HJD4C4D TS5DJSJH
JC4HJD4C TS5DJS4S
JC4HJD4CJH TS5DJS4S
JC4HJD4C4D TS5DJS4S
JC4HJD4C TS5DJS4D
JC4HJD4CJH TS5DJS4D
JC4HJD4C4S TS5DJS4D
JC4HJD4D TS5DJS
JC4HJD4D TS5DJSJH
JC4HJD4D4S TS5DJSJH
JC4HJD4D4C TS5DJSJH
JC4HJD4D TS5DJS4S
JC4HJD4DJH TS5DJS4S
JC4HJD4D4C TS5DJS4S
JC4HJD4D TS5DJS4C
JC4HJD4DJH TS5DJS4C
JC4HJD4D4S TS5DJS4C
JC4HJD TS5DJH
JC4HJDJS TS5DJH
JC4HJDJS TS5DJH4S
JC4HJDJS4C TS5DJH4S
JC4HJDJS4D TS5DJH4S
JC4HJDJS TS5DJH4C
JC4HJDJS4S TS5DJH4C
JC4HJDJS4D TS5DJH4C
JC4HJDJS TS5DJH4D
JC4HJDJS4S TS5DJH4D
JC4HJDJS4C TS5DJH4D
JC4HJD4S TS5DJH
JC4HJD4S TS5DJHJS
JC4HJD4S4C TS5DJHJS
JC4HJD4S4D TS5DJHJS
JC4HJD4S TS5DJH4C
JC4HJD4SJS TS5DJH4C
JC4HJD4S4D TS5DJH4C
JC4HJD4S TS5DJH4D
JC4HJD4SJS TS5DJH4D
JC4HJD4S4C TS5DJH4D
JC4HJD4C TS5DJH
JC4HJD4C TS5DJHJS
JC4HJD4C4S TS5DJHJS
JC4HJD4C4D TS5DJHJS
JC4HJD4C TS5DJH4S
JC4HJD4CJS TS5DJH4S
JC4HJD4C4D TS5DJH4S
JC4HJD4C TS5DJH4D
JC4HJD4CJS TS5DJH4D
JC4HJD4C4S TS5DJH4D
JC4HJD4D TS5DJH
JC4HJD4D TS5DJHJS
JC4HJD4D4S TS5DJHJS
JC4HJD4D4C TS5DJHJS
JC4HJD4D TS5DJH4S
JC4HJD4DJS TS5DJH4S
JC4HJD4D4C TS5DJH4S
JC4HJD4D TS5DJH4C
JC4HJD4DJS TS5DJH4C
JC4HJD4D4S TS5DJH4C
JC4HJD TS5D4S
JC4HJDJS TS5D4S
JC4HJDJS TS5D4SJH
JC4HJDJS4C TS5D4SJH
JC4HJDJS4D TS5D4SJH
JC4HJDJS TS5D4S4C
JC4HJDJSJH TS5D4S4C
JC4HJDJS4D TS5D4S4C
JC4HJDJS TS5D4S4D
JC4HJDJSJH TS5D4S4D
JC4HJDJS4C TS5D4S4D
JC4HJDJH TS5D4S
JC4HJDJH TS5D4SJS
JC4HJDJH4C TS5D4SJS
JC4HJDJH4D TS5D4SJS
JC4HJDJH TS5D4S4C
JC4HJDJHJS TS5D4S4C
JC4HJDJH4D TS5D4S4C
JC4HJDJH TS5D4S4D
JC4HJDJHJS TS5D4S4D
JC4HJDJH4C TS5D4S4D
JC4HJD4C TS5D4S
JC4HJD4C TS5D4SJS
JC4HJD4CJH TS5D4SJS
JC4HJD4C4D TS5D4SJS
JC4HJD4C TS5D4SJH
JC4HJD4CJS TS5D4SJH
JC4HJD4C4D TS5D4SJH
JC4HJD4C TS5D4S4D
JC4HJD4CJS TS5D4S4D
JC4HJD4CJH TS5D4S4D
JC4HJD4D TS5D4S
JC4HJD4D TS5D4SJS
JC4HJD4DJH TS5D4SJS
JC4HJD4D4C TS5D4SJS
JC4HJD4D TS5D4SJH
JC4HJD4DJS TS5D4SJH
JC4HJD4D4C TS5D4SJH
JC4HJD4D TS5D4S4C
JC4HJD4DJS TS5D4S4C
JC4HJD4DJH TS5D4S4C
JC4HJD TS5D4C
JC4HJDJS TS5D4C
JC4HJDJS TS5D4CJH
JC4HJDJS4S TS5D4CJH
JC4HJDJS4D TS5D4CJH
JC4HJDJS TS5D4C4S
JC4HJDJSJH TS5D4C4S
JC4HJDJS4D TS5D4C4S
JC4HJDJS TS5D4C4D
JC4HJDJSJH TS5D4C4D
JC4HJDJS4S TS5D4C4D
JC4HJDJH TS5D4C
JC4HJDJH TS5D4CJS
JC4HJDJH4S TS5D4CJS
JC4HJDJH4D TS5D4CJS
JC4HJDJH TS5D4C4S
JC4HJDJHJS TS5D4C4S
JC4HJDJH4D TS5D4C4S
JC4HJDJH TS5D4C4D
JC4HJDJHJS TS5D4C4D
JC4HJDJH4S TS5D4C4D
JC4HJD4S TS5D4C
JC4HJD4S TS5D4CJS
JC4HJD4SJH TS5D4CJS
JC4HJD4S4D TS5D4CJS
JC4HJD4S TS5D4CJH
JC4HJD4SJS TS5D4CJH
JC4HJD4S4D TS5D4CJH
JC4HJD4S TS5D4C4D
JC4HJD4SJS TS5D4C4D
JC4HJD4SJH TS5D4C4D
JC4HJD4D TS5D4C
JC4HJD4D TS5D4CJS
JC4HJD4DJH TS5D4CJS
JC4HJD4D4S TS5D4CJS
JC4HJD4D TS5D4CJH
JC4HJD4DJS TS5D4CJH
JC4HJD4D4S TS5D4CJH
JC4HJD4D TS5D4C4S
JC4HJD4DJS TS5D4C4S
JC4HJD4DJH TS5D4C4S
JC4HJD TS5D4D
JC4HJDJS TS5D4D
JC4HJDJS TS5D4DJH
JC4HJDJS4S TS5D4DJH
JC4HJDJS4C TS5D4DJH
JC4HJDJS TS5D4D4S
JC4HJDJSJH TS5D4D4S
JC4HJDJS4C TS5D4D4S
JC4HJDJS TS5D4D4C
JC4HJDJSJH TS5D4D4C
JC4HJDJS4S TS5D4D4C
JC4HJDJH TS5D4D
JC4HJDJH TS5D4DJS
JC4HJDJH4S TS5D4DJS
JC4HJDJH4C TS5D4DJS
JC4HJDJH TS5D4D4S
JC4HJDJHJS TS5D4D4S
JC4HJDJH4C TS5D4D4S
JC4HJDJH TS5D4D4C
JC4HJDJHJS TS5D4D4C
JC4HJDJH4S TS5D4D4C
JC4HJD4S TS5D4D
JC4HJD4S TS5D4DJS
JC4HJD4SJH TS5D4DJS
JC4HJD4S4C TS5D4DJS
JC4HJD4S TS5D4DJH
JC4HJD4SJS TS5D4DJH
JC4HJD4S4C TS5D4DJH
JC4HJD4S TS5D4D4C
JC4HJD4SJS TS5D4D4C
JC4HJD4SJH TS5D4D4C
JC4HJD4C TS5D4D
JC4HJD4C TS5D4DJS
JC4HJD4CJH TS5D4DJS
JC4HJD4C4S TS5D4DJS
JC4HJD4C TS5D4DJH
JC4HJD4CJS TS5D4DJH
JC4HJD4C4S TS5D4DJH
JC4HJD4C TS5D4D4S
JC4HJD4CJS TS5D4D4S
JC4HJD4CJH TS5D4D4S
JC4H4S TS5D
JC4H4S TS5DJS
JC4H4SJH TS5DJS
JC4H4SJH TS5DJSJD
JC4H4SJH4C TS5DJSJD
JC4H4SJH4D TS5DJSJD
JC4H4SJH TS5DJS4C
JC4H4SJHJD TS5DJS4C
JC4H4SJH4D TS5DJS4C
JC4H4SJH TS5DJS4D
JC4H4SJHJD TS5DJS4D
JC4H4SJH4C TS5DJS4D
JC4H4SJD TS5DJS
JC4H4SJD TS5DJSJH
JC4H4SJD4C TS5DJSJH
JC4H4SJD4D TS5DJSJH
JC4H4SJD TS5DJS4C
JC4H4SJDJH TS5DJS4C
JC4H4SJD4D TS5DJS4C
JC4H4SJD TS5DJS4D
JC4H4SJDJH TS5DJS4D
JC4H4SJD4C TS5DJS4D
JC4H4S4C TS5DJS
JC4H4S4C TS5DJSJH
JC4H4S4CJD TS5DJSJH
JC4H4S4C4D TS5DJSJH
JC4H4S4C TS5DJSJD
JC4H4S4CJH TS5DJSJD
JC4H4S4C4D TS5DJSJD
JC4H4S4C TS5DJS4D
JC4H4S4CJH TS5DJS4D
JC4H4S4CJD TS5DJS4D
JC4H4S4D TS5DJS
JC4H4S4D TS5DJSJH
JC4H4S4DJD TS5DJSJH
JC4H4S4D4C TS5DJSJH
JC4H4S4D TS5DJSJD
JC4H4S4DJH TS5DJSJD
JC4H4S4D4C TS5DJSJD
JC4H4S4D TS5DJS4C
JC4H4S4DJH TS5DJS4C
JC4H4S4DJD TS5DJS4C
JC4H4S TS5DJH
JC4H4SJS TS5DJH
JC4H4SJS TS5DJHJD
JC4H4SJS4C TS5DJHJD
JC4H4SJS4D TS5DJHJD
JC4H4SJS TS5DJH4C
JC4H4SJSJD TS5DJH4C
JC4H4SJS4D TS5DJH4C
JC4H4SJS TS5DJH4D
JC4H4SJSJD TS5DJH4D
JC4H4SJS4C TS5DJH4D
JC4H4SJD TS5DJH
JC4H4SJD TS5DJHJS
JC4H4SJD4C TS5DJHJS
JC4H4SJD4D TS5DJHJS
JC4H4SJD TS5DJH4C
JC4H4SJDJS TS5DJH4C
JC4H4SJD4D TS5DJH4C
JC4H4SJD TS5DJH4D
JC4H4SJDJS TS5DJH4D
JC4H4SJD4C TS5DJH4D
JC4H4S4C TS5DJH
JC4H4S4C TS5DJHJS
JC4H4S4CJD TS5DJHJS
JC4H4S4C4D TS5DJHJS
JC4H4S4C TS5DJHJD
JC4H4S4CJS TS5DJHJD
JC4H4S4C4D TS5DJHJD
JC4H4S4C TS5DJH4D
JC4H4S4CJS TS5DJH4D
JC4H4S4CJD TS5DJH4D
JC4H4S4D TS5DJH
JC4H4S4D TS5DJHJS
JC4H4S4DJD TS5DJHJS
JC4H4S4D4C TS5DJHJS
JC4H4S4D TS5DJHJD
JC4H4S4DJS TS5DJHJD
JC4H4S4D4C TS5DJHJD
JC4H4S4D TS5DJH4C
JC4H4S4DJS TS5DJH4C
JC4H4S4DJD TS5DJH4C
JC4H4S TS5DJD
JC4H4SJS TS5DJD
JC4H4SJS TS5DJDJH
JC4H4SJS4C TS5DJDJH
JC4H4SJS4D TS5DJDJH
JC4H4SJS TS5DJD4C
JC4H4SJSJH TS5DJD4C
JC4H4SJS4D TS5DJD4C
JC4H4SJS TS5DJD4D
JC4H4SJSJH TS5DJD4D
JC4H4SJS4C TS5DJD4D
JC4H4SJH TS5DJD
JC4H4SJH TS5DJDJS
JC4H4SJH4C TS5DJDJS
JC4H4SJH4D TS5DJDJS
JC4H4SJH TS5DJD4C
JC4H4SJHJS TS5DJD4C
JC4H4SJH4D TS5DJD4C
JC4H4SJH TS5DJD4D
JC4H4SJHJS TS5DJD4D
JC4H4SJH4C TS5DJD4D
JC4H4S4C TS5DJD
JC4H4S4C TS5DJDJS
JC4H4S4CJH TS5DJDJS
JC4H4S4C4D TS5DJDJS
JC4H4S4C TS5DJDJH
JC4H4S4CJS TS5DJDJH
JC4H4S4C4D TS5DJDJH
JC4H4S4C TS5DJD4D
JC4H4S4CJS TS5DJD4D
JC4H4S4CJH TS5DJD4D
JC4H4S4D TS5DJD
JC4H4S4D TS5DJDJS
JC4H4S4DJH TS5DJDJS
JC4H4S4D4C TS5DJDJS
JC4H4S4D TS5DJDJH
JC4H4S4DJS TS5DJDJH
JC4H4S4D4C TS5DJDJH
JC4H4S4D TS5DJD4C
JC4H4S4DJS TS5DJD4C
JC4H4S4DJH TS5DJD4C
JC4H4S TS5D4C
JC4H4SJS TS5D4C
JC4H4SJS TS5D4CJH
JC4H4SJSJD TS5D4CJH
JC4H4SJS4D TS5D4CJH
JC4H4SJS TS5D4CJD
JC4H4SJSJH TS5D4CJD
JC4H4SJS4D TS5D4CJD
JC4H4SJS TS5D4C4D
JC4H4SJSJH TS5D4C4D
JC4H4SJSJD TS5D4C4D
JC4H4SJH TS5D4C
JC4H4SJH TS5D4CJS
JC4H4SJHJD TS5D4CJS
JC4H4SJH4D TS5D4CJS
JC4H4SJH TS5D4CJD
JC4H4SJHJS TS5D4CJD
JC4H4SJH4D TS5D4CJD
JC4H4SJH TS5D4C4D
JC4H4SJHJS TS5D4C4D
JC4H4SJHJD TS5D4C4D
JC4H4SJD TS5D4C
JC4H4SJD TS5D4CJS
JC4H4SJDJH TS5D4CJS
JC4H4SJD4D TS5D4CJS
JC4H4SJD TS5D4CJH
JC4H4SJDJS TS5D4CJH
JC4H4SJD4D TS5D4CJH
JC4H4SJD TS5D4C4D
JC4H4SJDJS TS5D4C4D
JC4H4SJDJH TS5D4C4D
JC4H4S4D TS5D4C
JC4H4S4D TS5D4CJS
JC4H4S4DJH TS5D4CJS
JC4H4S4DJD TS5D4CJS
JC4H4S4D TS5D4CJH
JC4H4S4DJS TS5D4CJH
JC4H4S4DJD TS5D4CJH
JC4H4S4D TS5D4CJD
JC4H4S4DJS TS5D4CJD
JC4H4S4DJH TS5D4CJD
JC4H4S TS5D4D
JC4H4SJS TS5D4D
JC4H4SJS TS5D4DJH
JC4H4SJSJD TS5D4DJH
JC4H4SJS4C TS5D4DJH
JC4H4SJS TS5D4DJD
JC4H4SJSJH TS5D4DJD
JC4H4SJS4C TS5D4DJD
JC4H4SJS TS5D4D4C
JC4H4SJSJH TS5D4D4C
JC4H4SJSJD TS5D4D4C
JC4H4SJH TS5D4D
JC4H4SJH TS5D4DJS
JC4H4SJHJD TS5D4DJS
JC4H4SJH4C TS5D4DJS
JC4H4SJH TS5D4DJD
JC4H4SJHJS TS5D4DJD
JC4H4SJH4C TS5D4DJD
JC4H4SJH TS5D4D4C
JC4H4SJHJS TS5D4D4C
JC4H4SJHJD TS5D4D4C
JC4H4SJD TS5D4D
JC4H4SJD TS5D4DJS
JC4H4SJDJH TS5D4DJS
JC4H4SJD4C TS5D4DJS
JC4H4SJD TS5D4DJH
JC4H4SJDJS TS5D4DJH
JC4H4SJD4C TS5D4DJH
JC4H4SJD TS5D4D4C
JC4H4SJDJS TS5D4D4C
JC4H4SJDJH TS5D4D4C
JC4H4S4C TS5D4D
JC4H4S4C TS5D4DJS
JC4H4S4CJH TS5D4DJS
JC4H4S4CJD TS5D4DJS
JC4H4S4C TS5D4DJH
JC4H4S4CJS TS5D4DJH
JC4H4S4CJD TS5D4DJH
JC4H4S4C TS5D4DJD
JC4H4S4CJS TS5D4DJD
JC4H4S4CJH TS5D4DJD
JC4H4C TS5D
JC4H4C TS5DJS
JC4H4CJH TS5DJS
JC4H4CJH TS5DJSJD
JC4H4CJH4S TS5DJSJD
JC4H4CJH4D TS5DJSJD
JC4H4CJH TS5DJS4S
JC4H4CJHJD TS5DJS4S
JC4H4CJH4D TS5DJS4S
JC4H4CJH TS5DJS4D
JC4H4CJHJD TS5DJS4D
JC4H4CJH4S TS5DJS4D
JC4H4CJD TS5DJS
JC4H4CJD TS5DJSJH
JC4H4CJD4S TS5DJSJH
JC4H4CJD4D TS5DJSJH
JC4H4CJD TS5DJS4S
JC4H4CJDJH TS5DJS4S
JC4H4CJD4D TS5DJS4S
JC4H4CJD TS5DJS4D
JC4H4CJDJH TS5DJS4D
JC4H4CJD4S TS5DJS4D
JC4H4C4S TS5DJS
JC4H4C4S TS5DJSJH
JC4H4C4SJD TS5DJSJH
JC4H4C4S4D TS5DJSJH
JC4H4C4S TS5DJSJD
JC4H4C4SJH TS5DJSJD
JC4H4C4S4D TS5DJSJD
JC4H4C4S TS5DJS4D
JC4H4C4SJH TS5DJS4D
JC4H4C4SJD TS5DJS4D
JC4H4C4D TS5DJS
JC4H4C4D TS5DJSJH
JC4H4C4DJD TS5DJSJH
JC4H4C4D4S TS5DJSJH
JC4H4C4D TS5DJSJD
JC4H4C4DJH TS5DJSJD
JC4H4C4D4S TS5DJSJD
JC4H4C4D TS5DJS4S
JC4H4C4DJH TS5DJS4S
JC4H4C4DJD TS5DJS4S
JC4H4C TS5DJH
JC4H4CJS TS5DJH
JC4H4CJS TS5DJHJD
JC4H4CJS4S TS5DJHJD
JC4H4CJS4D TS5DJHJD
JC4H4CJS TS5DJH4S
JC4H4CJSJD TS5DJH4S
JC4H4CJS4D TS5DJH4S
JC4H4CJS TS5DJH4D
JC4H4CJSJD TS5DJH4D
JC4H4CJS4S TS5DJH4D
JC4H4CJD TS5DJH
JC4H4CJD TS5DJHJS
JC4H4CJD4S TS5DJHJS
JC4H4CJD4D TS5DJHJS
JC4H4CJD TS5DJH4S
JC4H4CJDJS TS5DJH4S
JC4H4CJD4D TS5DJH4S
JC4H4CJD TS5DJH4D
JC4H4CJDJS TS5DJH4D
JC4H4CJD4S TS5DJH4D
JC4H4C4S TS5DJH
JC4H4C4S TS5DJHJS
JC4H4C4SJD TS5DJHJS
JC4H4C4S4D TS5DJHJS
JC4H4C4S TS5DJHJD
JC4H4C4SJS TS5DJHJD
JC4H4C4S4D TS5DJHJD
JC4H4C4S TS5DJH4D
JC4H4C4SJS TS5DJH4D
JC4H4C4SJD TS5DJH4D
JC4H4C4D TS5DJH
JC4H4C4D TS5DJHJS
JC4H4C4DJD TS5DJHJS
JC4H4C4D4S TS5DJHJS
JC4H4C4D TS5DJHJD
JC4H4C4DJS TS5DJHJD
JC4H4C4D4S TS5DJHJD
JC4H4C4D TS5DJH4S
JC4H4C4DJS TS5DJH4S
JC4H4C4DJD TS5DJH4S
JC4H4C TS5DJD
JC4H4CJS TS5DJD
JC4H4CJS TS5DJDJH
JC4H4CJS4S TS5DJDJH
JC4H4CJS4D TS5DJDJH
JC4H4CJS TS5DJD4S
JC4H4CJSJH TS5DJD4S
JC4H4CJS4D TS5DJD4S
JC4H4CJS TS5DJD4D
JC4H4CJSJH TS5DJD4D
JC4H4CJS4S TS5DJD4D
JC4H4CJH TS5DJD
JC4H4CJH TS5DJDJS
JC4H4CJH4S TS5DJDJS
JC4H4CJH4D TS5DJDJS
JC4H4CJH TS5DJD4S
JC4H4CJHJS TS5DJD4S
JC4H4CJH4D TS5DJD4S
JC4H4CJH TS5DJD4D
JC4H4CJHJS TS5DJD4D
JC4H4CJH4S TS5DJD4D
JC4H4C4S TS5DJD
JC4H4C4S TS5DJDJS
JC4H4C4SJH TS5DJDJS
JC4H4C4S4D TS5DJDJS
JC4H4C4S TS5DJDJH
JC4H4C4SJS TS5DJDJH
JC4H4C4S4D TS5DJDJH
JC4H4C4S TS5DJD4D
JC4H4C4SJS TS5DJD4D
JC4H4C4SJH TS5DJD4D
JC4H4C4D TS5DJD
JC4H4C4D TS5DJDJS
JC4H4C4DJH TS5DJDJS
JC4H4C4D4S TS5DJDJS
JC4H4C4D TS5DJDJH
JC4H4C4DJS TS5DJDJH
JC4H4C4D4S TS5DJDJH
JC4H4C4D TS5DJD4S
JC4H4C4DJS TS5DJD4S
JC4H4C4DJH TS5DJD4S
JC4H4C TS5D4S
JC4H4CJS TS5D4S
JC4H4CJS TS5D4SJH
JC4H4CJSJD TS5D4SJH
JC4H4CJS4D TS5D4SJH
JC4H4CJS TS5D4SJD
JC4H4CJSJH TS5D4SJD
JC4H4CJS4D TS5D4SJD
JC4H4CJS TS5D4S4D
JC4H4CJSJH TS5D4S4D
JC4H4CJSJD TS5D4S4D
JC4H4CJH TS5D4S
JC4H4CJH TS5D4SJS
JC4H4CJHJD TS5D4SJS
JC4H4CJH4D TS5D4SJS
JC4H4CJH TS5D4SJD
JC4H4CJHJS TS5D4SJD
JC4H4CJH4D TS5D4SJD
JC4H4CJH TS5D4S4D
JC4H4CJHJS TS5D4S4D
JC4H4CJHJD TS5D4S4D
JC4H4CJD TS5D4S
JC4H4CJD TS5D4SJS
JC4H4CJDJH TS5D4SJS
JC4H4CJD4D TS5D4SJS
JC4H4CJD TS5D4SJH
JC4H4CJDJS TS5D4SJH
JC4H4CJD4D TS5D4SJH
JC4H4CJD TS5D4S4D
JC4H4CJDJS TS5D4S4D
JC4H4CJDJH TS5D4S4D
JC4H4C4D TS5D4S
JC4H4C4D TS5D4SJS
JC4H4C4DJH TS5D4SJS
JC4H4C4DJD TS5D4SJS
JC4H4C4D TS5D4SJH
JC4H4C4DJS TS5D4SJH
JC4H4C4DJD TS5D4SJH
JC4H4C4D TS5D4SJD
JC4H4C4DJS TS5D4SJD
JC4H4C4DJH TS5D4SJD
JC4H4C TS5D4D
JC4H4CJS TS5D4D
JC4H4CJS TS5D4DJH
JC4H4CJSJD TS5D4DJH
JC4H4CJS4S TS5D4DJH
JC4H4CJS TS5D4DJD
JC4H4CJSJH TS5D4DJD
JC4H4CJS4S TS5D4DJD
JC4H4CJS TS5D4D4S
JC4H4CJSJH TS5D4D4S
JC4H4CJSJD TS5D4D4S
JC4H4CJH TS5D4D
JC4H4CJH TS5D4DJS
JC4H4CJHJD TS5D4DJS
JC4H4CJH4S TS5D4DJS
JC4H4CJH TS5D4DJD
JC4H4CJHJS TS5D4DJD
JC4H4CJH4S TS5D4DJD
JC4H4CJH TS5D4D4S
JC4H4CJHJS TS5D4D4S
JC4H4CJHJD TS5D4D4S
JC4H4CJD TS5D4D
JC4H4CJD TS5D4DJS
JC4H4CJDJH TS5D4DJS
JC4H4CJD4S TS5D4DJS
JC4H4CJD TS5D4DJH
JC4H4CJDJS TS5D4DJH
JC4H4CJD4S TS5D4DJH
JC4H4CJD TS5D4D4S
JC4H4CJDJS TS5D4D4S
JC4H4CJDJH TS5D4D4S
JC4H4C4S TS5D4D
JC4H4C4S TS5D4DJS
JC4H4C4SJH TS5D4DJS
JC4H4C4SJD TS5D4DJS
JC4H4C4S TS5D4DJH
JC4H4C4SJS TS5D4DJH
JC4H4C4SJD TS5D4DJH
JC4H4C4S TS5D4DJD
JC4H4C4SJS TS5D4DJD
JC4H4C4SJH TS5D4DJD
JC4H4D TS5D
JC4H4D TS5DJS
JC4H4DJH TS5DJS
JC4H4DJH TS5DJSJD
JC4H4DJH4S TS5DJSJD
JC4H4DJH4C TS5DJSJD
JC4H4DJH TS5DJS4S
JC4H4DJHJD TS5DJS4S
JC4H4DJH4C TS5DJS4S
JC4H4DJH TS5DJS4C
JC4H4DJHJD TS5DJS4C
JC4H4DJH4S TS5DJS4C
JC4H4DJD TS5DJS
JC4H4DJD TS5DJSJH
JC4H4DJD4S TS5DJSJH
JC4H4DJD4C TS5DJSJH
JC4H4DJD TS5DJS4S
JC4H4DJDJH TS5DJS4S
JC4H4DJD4C TS5DJS4S
JC4H4DJD TS5DJS4C
JC4H4DJDJH TS5DJS4C
JC4H4DJD4S TS5DJS4C
JC4H4D4S TS5DJS
JC4H4D4S TS5DJSJH
JC4H4D4SJD TS5DJSJH
JC4H4D4S4C TS5DJSJH
JC4H4D4S TS5DJSJD
JC4H4D4SJH TS5DJSJD
JC4H4D4S4C TS5DJSJD
JC4H4D4S TS5DJS4C
JC4H4D4SJH TS5DJS4C
JC4H4D4SJD TS5DJS4C
JC4H4D4C TS5DJS
JC4H4D4C TS5DJSJH
JC4H4D4CJD TS5DJSJH
JC4H4D4C4S TS5DJSJH
JC4H4D4C TS5DJSJD
JC4H4D4CJH TS5DJSJD
JC4H4D4C4S TS5DJSJD
JC4H4D4C TS5DJS4S
JC4H4D4CJH TS5DJS4S
JC4H4D4CJD TS5DJS4S
JC4H4D TS5DJH
JC4H4DJS TS5DJH
JC4H4DJS TS5DJHJD
JC4H4DJS4S TS5DJHJD
JC4H4DJS4C TS5DJHJD
JC4H4DJS TS5DJH4S
JC4H4DJSJD TS5DJH4S
JC4H4DJS4C TS5DJH4S
JC4H4DJS TS5DJH4C
JC4H4DJSJD TS5DJH4C
JC4H4DJS4S TS5DJH4C
JC4H4DJD TS5DJH
JC4H4DJD TS5DJHJS
JC4H4DJD4S TS5DJHJS
JC4H4DJD4C TS5DJHJS
JC4H4DJD TS5DJH4S
JC4H4DJDJS TS5DJH4S
JC4H4DJD4C TS5DJH4S
JC4H4DJD TS5DJH4C
JC4H4DJDJS TS5DJH4C
JC4H4DJD4S TS5DJH4C
JC4H4D4S TS5DJH
JC4H4D4S TS5DJHJS
JC4H4D4SJD TS5DJHJS
JC4H4D4S4C TS5DJHJS
JC4H4D4S TS5DJHJD
JC4H4D4SJS TS5DJHJD
JC4H4D4S4C TS5DJHJD
JC4H4D4S TS5DJH4C
JC4H4D4SJS TS5DJH4C
JC4H4D4SJD TS5DJH4C
JC4H4D4C TS5DJH
JC4H4D4C TS5DJHJS
JC4H4D4CJD TS5DJHJS
JC4H4D4C4S TS5DJHJS
JC4H4D4C TS5DJHJD
JC4H4D4CJS TS5DJHJD
JC4H4D4C4S TS5DJHJD
JC4H4D4C TS5DJH4S
JC4H4D4CJS TS5DJH4S
JC4H4D4CJD TS5DJH4S
JC4H4D TS5DJD
JC4H4DJS TS5DJD
JC4H4DJS TS5DJDJH
JC4H4DJS4S TS5DJDJH
JC4H4DJS4C TS5DJDJH
JC4H4DJS TS5DJD4S
JC4H4DJSJH TS5DJD4S
JC4H4DJS4C TS5DJD4S
JC4H4DJS TS5DJD4C
JC4H4DJSJH TS5DJD4C
JC4H4DJS4S TS5DJD4C
JC4H4DJH TS5DJD
JC4H4DJH TS5DJDJS
JC4H4DJH4S TS5DJDJS
JC4H4DJH4C TS5DJDJS
JC4H4DJH TS5DJD4S
JC4H4DJHJS TS5DJD4S
JC4H4DJH4C TS5DJD4S
JC4H4DJH TS5DJD4C
JC4H4DJHJS TS5DJD4C
JC4H4DJH4S TS5DJD4C
JC4H4D4S TS5DJD
JC4H4D4S TS5DJDJS
JC4H4D4SJH TS5DJDJS
JC4H4D4S4C TS5DJDJS
JC4H4D4S TS5DJDJH
JC4H4D4SJS TS5DJDJH
JC4H4D4S4C TS5DJDJH
JC4H4D4S TS5DJD4C
JC4H4D4SJS TS5DJD4C
JC4H4D4SJH TS5DJD4C
JC4H4D4C TS5DJD
JC4H4D4C TS5DJDJS
JC4H4D4CJH TS5DJDJS
JC4H4D4C4S TS5DJDJS
JC4H4D4C TS5DJDJH
JC4H4D4CJS TS5DJDJH
JC4H4D4C4S TS5DJDJH
JC4H4D4C TS5DJD4S
JC4H4D4CJS TS5DJD4S
JC4H4D4CJH TS5DJD4S
JC4H4D TS5D4S
JC4H4DJS TS5D4S
JC4H4DJS TS5D4SJH
JC4H4DJSJD TS5D4SJH
JC4H4DJS4C TS5D4SJH
JC4H4DJS TS5D4SJD
JC4H4DJSJH TS5D4SJD
JC4H4DJS4C TS5D4SJD
JC4H4DJS TS5D4S4C
JC4H4DJSJH TS5D4S4C
JC4H4DJSJD TS5D4S4C
JC4H4DJH TS5D4S
JC4H4DJH TS5D4SJS
JC4H4DJHJD TS5D4SJS
JC4H4DJH4C TS5D4SJS
JC4H4DJH TS5D4SJD
JC4H4DJHJS TS5D4SJD
JC4H4DJH4C TS5D4SJD
JC4H4DJH TS5D4S4C
JC4H4DJHJS TS5D4S4C
JC4H4DJHJD TS5D4S4C
JC4H4DJD TS5D4S
JC4H4DJD TS5D4SJS
JC4H4DJDJH TS5D4SJS
JC4H4DJD4C TS5D4SJS
JC4H4DJD TS5D4SJH
JC4H4DJDJS TS5D4SJH
JC4H4DJD4C TS5D4SJH
JC4H4DJD TS5D4S4C
JC4H4DJDJS TS5D4S4C
JC4H4DJDJH TS5D4S4C
JC4H4D4C TS5D4S
JC4H4D4C TS5D4SJS
JC4H4D4CJH TS5D4SJS
JC4H4D4CJD TS5D4SJS
JC4H4D4C TS5D4SJH
JC4H4D4CJS TS5D4SJH
JC4H4D4CJD TS5D4SJH
JC4H4D4C TS5D4SJD
JC4H4D4CJS TS5D4SJD
JC4H4D4CJH TS5D4SJD
JC4H4D TS5D4C
JC4H4DJS TS5D4C
JC4H4DJS TS5D4CJH
JC4H4DJSJD TS5D4CJH
JC4H4DJS4S TS5D4CJH
JC4H4DJS TS5D4CJD
JC4H4DJSJH TS5D4CJD
JC4H4DJS4S TS5D4CJD
JC4H4DJS TS5D4C4S
JC4H4DJSJH TS5D4C4S
JC4H4DJSJD TS5D4C4S
JC4H4DJH TS5D4C
JC4H4DJH TS5D4CJS
JC4H4DJHJD TS5D4CJS
JC4H4DJH4S TS5D4CJS
JC4H4DJH TS5D4CJD
JC4H4DJHJS TS5D4CJD
JC4H4DJH4S TS5D4CJD
JC4H4DJH TS5D4C4S
JC4H4DJHJS TS5D4C4S
JC4H4DJHJD TS5D4C4S
JC4H4DJD TS5D4C
JC4H4DJD TS5D4CJS
JC4H4DJDJH TS5D4CJS
JC4H4DJD4S TS5D4CJS
JC4H4DJD TS5D4CJH
JC4H4DJDJS TS5D4CJH
JC4H4DJD4S TS5D4CJH
JC4H4DJD TS5D4C4S
JC4H4DJDJS TS5D4C4S
JC4H4DJDJH TS5D4C4S
JC4H4D4S TS5D4C
JC4H4D4S TS5D4CJS
JC4H4D4SJH TS5D4CJS
JC4H4D4SJD TS5D4CJS
JC4H4D4S TS5D4CJH
JC4H4D4SJS TS5D4CJH
JC4H4D4SJD TS5D4CJH
JC4H4D4S TS5D4CJD
JC4H4D4SJS TS5D4CJD
JC4H4D4SJH TS5D4CJD
Alice
